{"/home/chank1e/Desktop/fucks/src/easy/factorial.js": {"path":"/home/chank1e/Desktop/fucks/src/easy/factorial.js","statementMap":{"0":{"start":{"line":2,"column":2},"end":{"line":2,"column":38}},"1":{"start":{"line":2,"column":29},"end":{"line":2,"column":38}},"2":{"start":{"line":3,"column":2},"end":{"line":3,"column":23}},"3":{"start":{"line":3,"column":14},"end":{"line":3,"column":23}},"4":{"start":{"line":4,"column":2},"end":{"line":4,"column":30}},"5":{"start":{"line":7,"column":0},"end":{"line":7,"column":27}}},"fnMap":{"0":{"name":"factorial","decl":{"start":{"line":1,"column":9},"end":{"line":1,"column":18}},"loc":{"start":{"line":1,"column":22},"end":{"line":5,"column":1}},"line":1}},"branchMap":{"0":{"loc":{"start":{"line":2,"column":2},"end":{"line":2,"column":38}},"type":"if","locations":[{"start":{"line":2,"column":2},"end":{"line":2,"column":38}},{"start":{"line":2,"column":2},"end":{"line":2,"column":38}}],"line":2},"1":{"loc":{"start":{"line":3,"column":2},"end":{"line":3,"column":23}},"type":"if","locations":[{"start":{"line":3,"column":2},"end":{"line":3,"column":23}},{"start":{"line":3,"column":2},"end":{"line":3,"column":23}}],"line":3}},"s":{"0":13,"1":1,"2":12,"3":3,"4":9,"5":1},"f":{"0":13},"b":{"0":[1,12],"1":[3,9]},"_coverageSchema":"43e27e138ebf9cfc5966b082cf9a028302ed4184","hash":"1a3224eb90a348cf069938d0736399e53622307a"}
,"/home/chank1e/Desktop/fucks/src/easy/fib.js": {"path":"/home/chank1e/Desktop/fucks/src/easy/fib.js","statementMap":{"0":{"start":{"line":2,"column":2},"end":{"line":2,"column":38}},"1":{"start":{"line":2,"column":29},"end":{"line":2,"column":38}},"2":{"start":{"line":3,"column":2},"end":{"line":3,"column":37}},"3":{"start":{"line":3,"column":14},"end":{"line":3,"column":37}},"4":{"start":{"line":4,"column":2},"end":{"line":4,"column":24}},"5":{"start":{"line":7,"column":0},"end":{"line":7,"column":21}}},"fnMap":{"0":{"name":"fib","decl":{"start":{"line":1,"column":9},"end":{"line":1,"column":12}},"loc":{"start":{"line":1,"column":16},"end":{"line":5,"column":1}},"line":1}},"branchMap":{"0":{"loc":{"start":{"line":2,"column":2},"end":{"line":2,"column":38}},"type":"if","locations":[{"start":{"line":2,"column":2},"end":{"line":2,"column":38}},{"start":{"line":2,"column":2},"end":{"line":2,"column":38}}],"line":2},"1":{"loc":{"start":{"line":3,"column":2},"end":{"line":3,"column":37}},"type":"if","locations":[{"start":{"line":3,"column":2},"end":{"line":3,"column":37}},{"start":{"line":3,"column":2},"end":{"line":3,"column":37}}],"line":3},"2":{"loc":{"start":{"line":3,"column":21},"end":{"line":3,"column":36}},"type":"cond-expr","locations":[{"start":{"line":3,"column":31},"end":{"line":3,"column":32}},{"start":{"line":3,"column":35},"end":{"line":3,"column":36}}],"line":3}},"s":{"0":13,"1":1,"2":12,"3":3,"4":9,"5":1},"f":{"0":13},"b":{"0":[1,12],"1":[3,9],"2":[1,2]},"_coverageSchema":"43e27e138ebf9cfc5966b082cf9a028302ed4184","hash":"7a00c6c9bff4d6e52c22e7157032aadafa3290bc"}
,"/home/chank1e/Desktop/fucks/src/easy/filter.js": {"path":"/home/chank1e/Desktop/fucks/src/easy/filter.js","statementMap":{"0":{"start":{"line":2,"column":2},"end":{"line":2,"column":72}},"1":{"start":{"line":2,"column":62},"end":{"line":2,"column":72}},"2":{"start":{"line":4,"column":14},"end":{"line":4,"column":16}},"3":{"start":{"line":5,"column":2},"end":{"line":5,"column":82}},"4":{"start":{"line":5,"column":15},"end":{"line":5,"column":16}},"5":{"start":{"line":5,"column":42},"end":{"line":5,"column":82}},"6":{"start":{"line":5,"column":65},"end":{"line":5,"column":82}},"7":{"start":{"line":7,"column":2},"end":{"line":7,"column":13}},"8":{"start":{"line":11,"column":0},"end":{"line":11,"column":24}}},"fnMap":{"0":{"name":"filter","decl":{"start":{"line":1,"column":9},"end":{"line":1,"column":15}},"loc":{"start":{"line":1,"column":32},"end":{"line":8,"column":1}},"line":1}},"branchMap":{"0":{"loc":{"start":{"line":2,"column":2},"end":{"line":2,"column":72}},"type":"if","locations":[{"start":{"line":2,"column":2},"end":{"line":2,"column":72}},{"start":{"line":2,"column":2},"end":{"line":2,"column":72}}],"line":2},"1":{"loc":{"start":{"line":2,"column":6},"end":{"line":2,"column":60}},"type":"binary-expr","locations":[{"start":{"line":2,"column":6},"end":{"line":2,"column":25}},{"start":{"line":2,"column":29},"end":{"line":2,"column":60}}],"line":2},"2":{"loc":{"start":{"line":5,"column":42},"end":{"line":5,"column":82}},"type":"if","locations":[{"start":{"line":5,"column":42},"end":{"line":5,"column":82}},{"start":{"line":5,"column":42},"end":{"line":5,"column":82}}],"line":5}},"s":{"0":4,"1":2,"2":2,"3":2,"4":2,"5":9,"6":5,"7":2,"8":1},"f":{"0":4},"b":{"0":[2,2],"1":[4,2],"2":[5,4]},"_coverageSchema":"43e27e138ebf9cfc5966b082cf9a028302ed4184","hash":"0d02c82830b8a5ee7481abc5167e0be36f3c447b"}
,"/home/chank1e/Desktop/fucks/src/easy/indexOf.js": {"path":"/home/chank1e/Desktop/fucks/src/easy/indexOf.js","statementMap":{"0":{"start":{"line":2,"column":2},"end":{"line":2,"column":37}},"1":{"start":{"line":2,"column":27},"end":{"line":2,"column":37}},"2":{"start":{"line":4,"column":2},"end":{"line":4,"column":72}},"3":{"start":{"line":4,"column":15},"end":{"line":4,"column":16}},"4":{"start":{"line":4,"column":42},"end":{"line":4,"column":72}},"5":{"start":{"line":4,"column":63},"end":{"line":4,"column":72}},"6":{"start":{"line":6,"column":2},"end":{"line":6,"column":12}},"7":{"start":{"line":9,"column":0},"end":{"line":9,"column":25}}},"fnMap":{"0":{"name":"indexOf","decl":{"start":{"line":1,"column":9},"end":{"line":1,"column":16}},"loc":{"start":{"line":1,"column":28},"end":{"line":7,"column":1}},"line":1}},"branchMap":{"0":{"loc":{"start":{"line":2,"column":2},"end":{"line":2,"column":37}},"type":"if","locations":[{"start":{"line":2,"column":2},"end":{"line":2,"column":37}},{"start":{"line":2,"column":2},"end":{"line":2,"column":37}}],"line":2},"1":{"loc":{"start":{"line":4,"column":42},"end":{"line":4,"column":72}},"type":"if","locations":[{"start":{"line":4,"column":42},"end":{"line":4,"column":72}},{"start":{"line":4,"column":42},"end":{"line":4,"column":72}}],"line":4}},"s":{"0":3,"1":1,"2":2,"3":2,"4":6,"5":1,"6":1,"7":1},"f":{"0":3},"b":{"0":[1,2],"1":[1,5]},"_coverageSchema":"43e27e138ebf9cfc5966b082cf9a028302ed4184","hash":"21d3da94daeadae766a6adf9b57938329dcc0c08"}
,"/home/chank1e/Desktop/fucks/src/easy/isBalanced.js": {"path":"/home/chank1e/Desktop/fucks/src/easy/isBalanced.js","statementMap":{"0":{"start":{"line":2,"column":2},"end":{"line":2,"column":44}},"1":{"start":{"line":2,"column":31},"end":{"line":2,"column":44}},"2":{"start":{"line":3,"column":17},"end":{"line":3,"column":18}},"3":{"start":{"line":4,"column":2},"end":{"line":10,"column":3}},"4":{"start":{"line":4,"column":15},"end":{"line":4,"column":16}},"5":{"start":{"line":5,"column":4},"end":{"line":9,"column":5}},"6":{"start":{"line":5,"column":24},"end":{"line":5,"column":38}},"7":{"start":{"line":6,"column":9},"end":{"line":9,"column":5}},"8":{"start":{"line":7,"column":6},"end":{"line":8,"column":24}},"9":{"start":{"line":7,"column":24},"end":{"line":7,"column":38}},"10":{"start":{"line":8,"column":11},"end":{"line":8,"column":24}},"11":{"start":{"line":12,"column":2},"end":{"line":12,"column":24}},"12":{"start":{"line":15,"column":0},"end":{"line":15,"column":28}}},"fnMap":{"0":{"name":"isBalanced","decl":{"start":{"line":1,"column":9},"end":{"line":1,"column":19}},"loc":{"start":{"line":1,"column":25},"end":{"line":13,"column":1}},"line":1}},"branchMap":{"0":{"loc":{"start":{"line":2,"column":2},"end":{"line":2,"column":44}},"type":"if","locations":[{"start":{"line":2,"column":2},"end":{"line":2,"column":44}},{"start":{"line":2,"column":2},"end":{"line":2,"column":44}}],"line":2},"1":{"loc":{"start":{"line":5,"column":4},"end":{"line":9,"column":5}},"type":"if","locations":[{"start":{"line":5,"column":4},"end":{"line":9,"column":5}},{"start":{"line":5,"column":4},"end":{"line":9,"column":5}}],"line":5},"2":{"loc":{"start":{"line":6,"column":9},"end":{"line":9,"column":5}},"type":"if","locations":[{"start":{"line":6,"column":9},"end":{"line":9,"column":5}},{"start":{"line":6,"column":9},"end":{"line":9,"column":5}}],"line":6},"3":{"loc":{"start":{"line":7,"column":6},"end":{"line":8,"column":24}},"type":"if","locations":[{"start":{"line":7,"column":6},"end":{"line":8,"column":24}},{"start":{"line":7,"column":6},"end":{"line":8,"column":24}}],"line":7}},"s":{"0":6,"1":1,"2":5,"3":5,"4":5,"5":48,"6":8,"7":40,"8":7,"9":6,"10":1,"11":4,"12":1},"f":{"0":6},"b":{"0":[1,5],"1":[8,40],"2":[7,33],"3":[6,1]},"_coverageSchema":"43e27e138ebf9cfc5966b082cf9a028302ed4184","hash":"204ed58c57ec81c759e92a7cc4c907faae3216da"}
,"/home/chank1e/Desktop/fucks/src/easy/isPalindrome.js": {"path":"/home/chank1e/Desktop/fucks/src/easy/isPalindrome.js","statementMap":{"0":{"start":{"line":2,"column":2},"end":{"line":2,"column":44}},"1":{"start":{"line":2,"column":31},"end":{"line":2,"column":44}},"2":{"start":{"line":4,"column":24},"end":{"line":4,"column":61}},"3":{"start":{"line":5,"column":25},"end":{"line":6,"column":13}},"4":{"start":{"line":8,"column":2},"end":{"line":8,"column":42}},"5":{"start":{"line":12,"column":0},"end":{"line":12,"column":30}}},"fnMap":{"0":{"name":"isPalindrome","decl":{"start":{"line":1,"column":9},"end":{"line":1,"column":21}},"loc":{"start":{"line":1,"column":27},"end":{"line":9,"column":1}},"line":1}},"branchMap":{"0":{"loc":{"start":{"line":2,"column":2},"end":{"line":2,"column":44}},"type":"if","locations":[{"start":{"line":2,"column":2},"end":{"line":2,"column":44}},{"start":{"line":2,"column":2},"end":{"line":2,"column":44}}],"line":2}},"s":{"0":4,"1":1,"2":3,"3":3,"4":3,"5":1},"f":{"0":4},"b":{"0":[1,3]},"_coverageSchema":"43e27e138ebf9cfc5966b082cf9a028302ed4184","hash":"5456d0279d09408be9bafd5842d9645bba986ada"}
,"/home/chank1e/Desktop/fucks/src/easy/isPrime.js": {"path":"/home/chank1e/Desktop/fucks/src/easy/isPrime.js","statementMap":{"0":{"start":{"line":2,"column":2},"end":{"line":2,"column":42}},"1":{"start":{"line":2,"column":29},"end":{"line":2,"column":42}},"2":{"start":{"line":3,"column":2},"end":{"line":3,"column":39}},"3":{"start":{"line":3,"column":26},"end":{"line":3,"column":39}},"4":{"start":{"line":4,"column":2},"end":{"line":8,"column":3}},"5":{"start":{"line":4,"column":15},"end":{"line":4,"column":16}},"6":{"start":{"line":5,"column":4},"end":{"line":7,"column":5}},"7":{"start":{"line":6,"column":6},"end":{"line":6,"column":19}},"8":{"start":{"line":9,"column":2},"end":{"line":9,"column":14}},"9":{"start":{"line":12,"column":0},"end":{"line":12,"column":25}}},"fnMap":{"0":{"name":"isPrime","decl":{"start":{"line":1,"column":9},"end":{"line":1,"column":16}},"loc":{"start":{"line":1,"column":20},"end":{"line":10,"column":1}},"line":1}},"branchMap":{"0":{"loc":{"start":{"line":2,"column":2},"end":{"line":2,"column":42}},"type":"if","locations":[{"start":{"line":2,"column":2},"end":{"line":2,"column":42}},{"start":{"line":2,"column":2},"end":{"line":2,"column":42}}],"line":2},"1":{"loc":{"start":{"line":3,"column":2},"end":{"line":3,"column":39}},"type":"if","locations":[{"start":{"line":3,"column":2},"end":{"line":3,"column":39}},{"start":{"line":3,"column":2},"end":{"line":3,"column":39}}],"line":3},"2":{"loc":{"start":{"line":3,"column":6},"end":{"line":3,"column":24}},"type":"binary-expr","locations":[{"start":{"line":3,"column":6},"end":{"line":3,"column":13}},{"start":{"line":3,"column":17},"end":{"line":3,"column":24}}],"line":3},"3":{"loc":{"start":{"line":5,"column":4},"end":{"line":7,"column":5}},"type":"if","locations":[{"start":{"line":5,"column":4},"end":{"line":7,"column":5}},{"start":{"line":5,"column":4},"end":{"line":7,"column":5}}],"line":5}},"s":{"0":5,"1":1,"2":4,"3":2,"4":2,"5":2,"6":14,"7":1,"8":1,"9":1},"f":{"0":5},"b":{"0":[1,4],"1":[2,2],"2":[4,3],"3":[1,13]},"_coverageSchema":"43e27e138ebf9cfc5966b082cf9a028302ed4184","hash":"1a03cdbbd08bf97a0155e3e1f323b6b9a2e35190"}
,"/home/chank1e/Desktop/fucks/src/easy/isSorted.js": {"path":"/home/chank1e/Desktop/fucks/src/easy/isSorted.js","statementMap":{"0":{"start":{"line":2,"column":2},"end":{"line":2,"column":40}},"1":{"start":{"line":2,"column":27},"end":{"line":2,"column":40}},"2":{"start":{"line":3,"column":2},"end":{"line":3,"column":36}},"3":{"start":{"line":3,"column":24},"end":{"line":3,"column":36}},"4":{"start":{"line":5,"column":2},"end":{"line":8,"column":3}},"5":{"start":{"line":5,"column":15},"end":{"line":5,"column":16}},"6":{"start":{"line":5,"column":24},"end":{"line":5,"column":30}},"7":{"start":{"line":6,"column":4},"end":{"line":6,"column":35}},"8":{"start":{"line":6,"column":22},"end":{"line":6,"column":35}},"9":{"start":{"line":7,"column":4},"end":{"line":7,"column":17}},"10":{"start":{"line":10,"column":2},"end":{"line":10,"column":14}},"11":{"start":{"line":13,"column":0},"end":{"line":13,"column":26}}},"fnMap":{"0":{"name":"isSorted","decl":{"start":{"line":1,"column":9},"end":{"line":1,"column":17}},"loc":{"start":{"line":1,"column":23},"end":{"line":11,"column":1}},"line":1}},"branchMap":{"0":{"loc":{"start":{"line":2,"column":2},"end":{"line":2,"column":40}},"type":"if","locations":[{"start":{"line":2,"column":2},"end":{"line":2,"column":40}},{"start":{"line":2,"column":2},"end":{"line":2,"column":40}}],"line":2},"1":{"loc":{"start":{"line":3,"column":2},"end":{"line":3,"column":36}},"type":"if","locations":[{"start":{"line":3,"column":2},"end":{"line":3,"column":36}},{"start":{"line":3,"column":2},"end":{"line":3,"column":36}}],"line":3},"2":{"loc":{"start":{"line":6,"column":4},"end":{"line":6,"column":35}},"type":"if","locations":[{"start":{"line":6,"column":4},"end":{"line":6,"column":35}},{"start":{"line":6,"column":4},"end":{"line":6,"column":35}}],"line":6}},"s":{"0":4,"1":1,"2":3,"3":1,"4":2,"5":2,"6":2,"7":6,"8":1,"9":5,"10":1,"11":1},"f":{"0":4},"b":{"0":[1,3],"1":[1,2],"2":[1,5]},"_coverageSchema":"43e27e138ebf9cfc5966b082cf9a028302ed4184","hash":"e4a7b3c14bcfd022f95fc139f291a8f04bb2128f"}
,"/home/chank1e/Desktop/fucks/src/easy/missing.js": {"path":"/home/chank1e/Desktop/fucks/src/easy/missing.js","statementMap":{"0":{"start":{"line":2,"column":2},"end":{"line":2,"column":44}},"1":{"start":{"line":2,"column":27},"end":{"line":2,"column":44}},"2":{"start":{"line":3,"column":2},"end":{"line":3,"column":41}},"3":{"start":{"line":3,"column":24},"end":{"line":3,"column":41}},"4":{"start":{"line":4,"column":20},"end":{"line":4,"column":30}},"5":{"start":{"line":5,"column":2},"end":{"line":5,"column":35}},"6":{"start":{"line":5,"column":26},"end":{"line":5,"column":35}},"7":{"start":{"line":7,"column":2},"end":{"line":11,"column":3}},"8":{"start":{"line":7,"column":15},"end":{"line":7,"column":16}},"9":{"start":{"line":8,"column":4},"end":{"line":10,"column":5}},"10":{"start":{"line":9,"column":6},"end":{"line":9,"column":30}},"11":{"start":{"line":13,"column":2},"end":{"line":13,"column":19}},"12":{"start":{"line":17,"column":0},"end":{"line":17,"column":25}}},"fnMap":{"0":{"name":"missing","decl":{"start":{"line":1,"column":9},"end":{"line":1,"column":16}},"loc":{"start":{"line":1,"column":22},"end":{"line":14,"column":1}},"line":1}},"branchMap":{"0":{"loc":{"start":{"line":2,"column":2},"end":{"line":2,"column":44}},"type":"if","locations":[{"start":{"line":2,"column":2},"end":{"line":2,"column":44}},{"start":{"line":2,"column":2},"end":{"line":2,"column":44}}],"line":2},"1":{"loc":{"start":{"line":3,"column":2},"end":{"line":3,"column":41}},"type":"if","locations":[{"start":{"line":3,"column":2},"end":{"line":3,"column":41}},{"start":{"line":3,"column":2},"end":{"line":3,"column":41}}],"line":3},"2":{"loc":{"start":{"line":5,"column":2},"end":{"line":5,"column":35}},"type":"if","locations":[{"start":{"line":5,"column":2},"end":{"line":5,"column":35}},{"start":{"line":5,"column":2},"end":{"line":5,"column":35}}],"line":5},"3":{"loc":{"start":{"line":8,"column":4},"end":{"line":10,"column":5}},"type":"if","locations":[{"start":{"line":8,"column":4},"end":{"line":10,"column":5}},{"start":{"line":8,"column":4},"end":{"line":10,"column":5}}],"line":8}},"s":{"0":6,"1":1,"2":5,"3":1,"4":4,"5":4,"6":1,"7":3,"8":3,"9":6,"10":2,"11":1,"12":1},"f":{"0":6},"b":{"0":[1,5],"1":[1,4],"2":[1,3],"3":[2,4]},"_coverageSchema":"43e27e138ebf9cfc5966b082cf9a028302ed4184","hash":"15eb1555fe8591ac46c06087ea72b3a02c8e5b6d"}
,"/home/chank1e/Desktop/fucks/src/easy/reduce.js": {"path":"/home/chank1e/Desktop/fucks/src/easy/reduce.js","statementMap":{"0":{"start":{"line":2,"column":2},"end":{"line":2,"column":74}},"1":{"start":{"line":2,"column":57},"end":{"line":2,"column":74}},"2":{"start":{"line":4,"column":12},"end":{"line":4,"column":15}},"3":{"start":{"line":5,"column":2},"end":{"line":5,"column":66}},"4":{"start":{"line":5,"column":15},"end":{"line":5,"column":16}},"5":{"start":{"line":5,"column":42},"end":{"line":5,"column":66}},"6":{"start":{"line":7,"column":2},"end":{"line":7,"column":13}},"7":{"start":{"line":11,"column":0},"end":{"line":11,"column":24}}},"fnMap":{"0":{"name":"reduce","decl":{"start":{"line":1,"column":9},"end":{"line":1,"column":15}},"loc":{"start":{"line":1,"column":32},"end":{"line":8,"column":1}},"line":1}},"branchMap":{"0":{"loc":{"start":{"line":2,"column":2},"end":{"line":2,"column":74}},"type":"if","locations":[{"start":{"line":2,"column":2},"end":{"line":2,"column":74}},{"start":{"line":2,"column":2},"end":{"line":2,"column":74}}],"line":2},"1":{"loc":{"start":{"line":2,"column":6},"end":{"line":2,"column":55}},"type":"binary-expr","locations":[{"start":{"line":2,"column":6},"end":{"line":2,"column":25}},{"start":{"line":2,"column":29},"end":{"line":2,"column":55}}],"line":2}},"s":{"0":3,"1":1,"2":2,"3":2,"4":2,"5":8,"6":2,"7":1},"f":{"0":3},"b":{"0":[1,2],"1":[3,2]},"_coverageSchema":"43e27e138ebf9cfc5966b082cf9a028302ed4184","hash":"42a69e0fd023f1bea6376006c7ec84fc8dab1a8f"}
,"/home/chank1e/Desktop/fucks/src/easy/reverse.js": {"path":"/home/chank1e/Desktop/fucks/src/easy/reverse.js","statementMap":{"0":{"start":{"line":2,"column":2},"end":{"line":2,"column":48}},"1":{"start":{"line":2,"column":31},"end":{"line":2,"column":48}},"2":{"start":{"line":4,"column":12},"end":{"line":4,"column":14}},"3":{"start":{"line":5,"column":2},"end":{"line":5,"column":61}},"4":{"start":{"line":5,"column":15},"end":{"line":5,"column":29}},"5":{"start":{"line":5,"column":47},"end":{"line":5,"column":61}},"6":{"start":{"line":7,"column":2},"end":{"line":7,"column":13}},"7":{"start":{"line":11,"column":0},"end":{"line":11,"column":25}}},"fnMap":{"0":{"name":"reverse","decl":{"start":{"line":1,"column":9},"end":{"line":1,"column":16}},"loc":{"start":{"line":1,"column":22},"end":{"line":8,"column":1}},"line":1}},"branchMap":{"0":{"loc":{"start":{"line":2,"column":2},"end":{"line":2,"column":48}},"type":"if","locations":[{"start":{"line":2,"column":2},"end":{"line":2,"column":48}},{"start":{"line":2,"column":2},"end":{"line":2,"column":48}}],"line":2}},"s":{"0":3,"1":1,"2":2,"3":2,"4":2,"5":20,"6":2,"7":1},"f":{"0":3},"b":{"0":[1,2]},"_coverageSchema":"43e27e138ebf9cfc5966b082cf9a028302ed4184","hash":"7e3232ccaf62b5db669ce40a190fa353537f7df4"}
}
