TN:
SF:/home/chank1e/Desktop/fucks/src/easy/factorial.js
FN:1,factorial
FNF:1
FNH:1
FNDA:13,factorial
DA:2,13
DA:3,12
DA:4,9
DA:7,1
LF:4
LH:4
BRDA:2,0,0,1
BRDA:2,0,1,12
BRDA:3,1,0,3
BRDA:3,1,1,9
BRF:4
BRH:4
end_of_record
TN:
SF:/home/chank1e/Desktop/fucks/src/easy/fib.js
FN:1,fib
FNF:1
FNH:1
FNDA:13,fib
DA:2,13
DA:3,12
DA:4,9
DA:7,1
LF:4
LH:4
BRDA:2,0,0,1
BRDA:2,0,1,12
BRDA:3,1,0,3
BRDA:3,1,1,9
BRDA:3,2,0,1
BRDA:3,2,1,2
BRF:6
BRH:6
end_of_record
TN:
SF:/home/chank1e/Desktop/fucks/src/easy/filter.js
FN:1,filter
FNF:1
FNH:1
FNDA:4,filter
DA:2,4
DA:4,2
DA:5,9
DA:7,2
DA:11,1
LF:5
LH:5
BRDA:2,0,0,2
BRDA:2,0,1,2
BRDA:2,1,0,4
BRDA:2,1,1,2
BRDA:5,2,0,5
BRDA:5,2,1,4
BRF:6
BRH:6
end_of_record
TN:
SF:/home/chank1e/Desktop/fucks/src/easy/indexOf.js
FN:1,indexOf
FNF:1
FNH:1
FNDA:3,indexOf
DA:2,3
DA:4,6
DA:6,1
DA:9,1
LF:4
LH:4
BRDA:2,0,0,1
BRDA:2,0,1,2
BRDA:4,1,0,1
BRDA:4,1,1,5
BRF:4
BRH:4
end_of_record
TN:
SF:/home/chank1e/Desktop/fucks/src/easy/isBalanced.js
FN:1,isBalanced
FNF:1
FNH:1
FNDA:6,isBalanced
DA:2,6
DA:3,5
DA:4,5
DA:5,48
DA:6,40
DA:7,7
DA:8,1
DA:12,4
DA:15,1
LF:9
LH:9
BRDA:2,0,0,1
BRDA:2,0,1,5
BRDA:5,1,0,8
BRDA:5,1,1,40
BRDA:6,2,0,7
BRDA:6,2,1,33
BRDA:7,3,0,6
BRDA:7,3,1,1
BRF:8
BRH:8
end_of_record
TN:
SF:/home/chank1e/Desktop/fucks/src/easy/isPalindrome.js
FN:1,isPalindrome
FNF:1
FNH:1
FNDA:4,isPalindrome
DA:2,4
DA:4,3
DA:5,3
DA:8,3
DA:12,1
LF:5
LH:5
BRDA:2,0,0,1
BRDA:2,0,1,3
BRF:2
BRH:2
end_of_record
TN:
SF:/home/chank1e/Desktop/fucks/src/easy/isPrime.js
FN:1,isPrime
FNF:1
FNH:1
FNDA:5,isPrime
DA:2,5
DA:3,4
DA:4,2
DA:5,14
DA:6,1
DA:9,1
DA:12,1
LF:7
LH:7
BRDA:2,0,0,1
BRDA:2,0,1,4
BRDA:3,1,0,2
BRDA:3,1,1,2
BRDA:3,2,0,4
BRDA:3,2,1,3
BRDA:5,3,0,1
BRDA:5,3,1,13
BRF:8
BRH:8
end_of_record
TN:
SF:/home/chank1e/Desktop/fucks/src/easy/isSorted.js
FN:1,isSorted
FNF:1
FNH:1
FNDA:4,isSorted
DA:2,4
DA:3,3
DA:5,2
DA:6,6
DA:7,5
DA:10,1
DA:13,1
LF:7
LH:7
BRDA:2,0,0,1
BRDA:2,0,1,3
BRDA:3,1,0,1
BRDA:3,1,1,2
BRDA:6,2,0,1
BRDA:6,2,1,5
BRF:6
BRH:6
end_of_record
TN:
SF:/home/chank1e/Desktop/fucks/src/easy/missing.js
FN:1,missing
FNF:1
FNH:1
FNDA:6,missing
DA:2,6
DA:3,5
DA:4,4
DA:5,4
DA:7,3
DA:8,6
DA:9,2
DA:13,1
DA:17,1
LF:9
LH:9
BRDA:2,0,0,1
BRDA:2,0,1,5
BRDA:3,1,0,1
BRDA:3,1,1,4
BRDA:5,2,0,1
BRDA:5,2,1,3
BRDA:8,3,0,2
BRDA:8,3,1,4
BRF:8
BRH:8
end_of_record
TN:
SF:/home/chank1e/Desktop/fucks/src/easy/reduce.js
FN:1,reduce
FNF:1
FNH:1
FNDA:3,reduce
DA:2,3
DA:4,2
DA:5,8
DA:7,2
DA:11,1
LF:5
LH:5
BRDA:2,0,0,1
BRDA:2,0,1,2
BRDA:2,1,0,3
BRDA:2,1,1,2
BRF:4
BRH:4
end_of_record
TN:
SF:/home/chank1e/Desktop/fucks/src/easy/reverse.js
FN:1,reverse
FNF:1
FNH:1
FNDA:3,reverse
DA:2,3
DA:4,2
DA:5,20
DA:7,2
DA:11,1
LF:5
LH:5
BRDA:2,0,0,1
BRDA:2,0,1,2
BRF:2
BRH:2
end_of_record
